i:\ai programming\egp-410-master\egp-410-master\gameai\pathfinding\pathfinding\game\debug\vc141.pdb
i:\ai programming\egp-410-master\egp-410-master\gameai\pathfinding\pathfinding\game\debug\vc141.idb
i:\ai programming\egp-410-master\egp-410-master\gameai\pathfinding\pathfinding\game\debug\connection.obj
i:\ai programming\egp-410-master\egp-410-master\gameai\pathfinding\pathfinding\game\debug\debugdisplay.obj
i:\ai programming\egp-410-master\egp-410-master\gameai\pathfinding\pathfinding\game\debug\depthfirstpathfinder.obj
i:\ai programming\egp-410-master\egp-410-master\gameai\pathfinding\pathfinding\game\debug\gameapp.obj
i:\ai programming\egp-410-master\egp-410-master\gameai\pathfinding\pathfinding\game\debug\gamemessage.obj
i:\ai programming\egp-410-master\egp-410-master\gameai\pathfinding\pathfinding\game\debug\gamemessagemanager.obj
i:\ai programming\egp-410-master\egp-410-master\gameai\pathfinding\pathfinding\game\debug\graph.obj
i:\ai programming\egp-410-master\egp-410-master\gameai\pathfinding\pathfinding\game\debug\gridgraph.obj
i:\ai programming\egp-410-master\egp-410-master\gameai\pathfinding\pathfinding\game\debug\gridpathfinder.obj
i:\ai programming\egp-410-master\egp-410-master\gameai\pathfinding\pathfinding\game\debug\main.obj
i:\ai programming\egp-410-master\egp-410-master\gameai\pathfinding\pathfinding\game\debug\node.obj
i:\ai programming\egp-410-master\egp-410-master\gameai\pathfinding\pathfinding\game\debug\path.obj
i:\ai programming\egp-410-master\egp-410-master\gameai\pathfinding\pathfinding\game\debug\pathfinder.obj
i:\ai programming\egp-410-master\egp-410-master\gameai\pathfinding\pathfinding\game\debug\pathfindingdebugcontent.obj
i:\ai programming\egp-410-master\egp-410-master\gameai\pathfinding\pathfinding\game\debug\pathtomessage.obj
i:\ai programming\egp-410-master\egp-410-master\gameai\pathfinding\pathfinding\debug\game.pdb
i:\ai programming\egp-410-master\egp-410-master\gameai\pathfinding\pathfinding\game\debug\game.tlog\cl.command.1.tlog
i:\ai programming\egp-410-master\egp-410-master\gameai\pathfinding\pathfinding\game\debug\game.tlog\cl.read.1.tlog
i:\ai programming\egp-410-master\egp-410-master\gameai\pathfinding\pathfinding\game\debug\game.tlog\cl.write.1.tlog
i:\ai programming\egp-410-master\egp-410-master\gameai\pathfinding\pathfinding\game\debug\game.tlog\link-cvtres.read.1.tlog
i:\ai programming\egp-410-master\egp-410-master\gameai\pathfinding\pathfinding\game\debug\game.tlog\link-cvtres.write.1.tlog
i:\ai programming\egp-410-master\egp-410-master\gameai\pathfinding\pathfinding\game\debug\game.tlog\link-rc.read.1.tlog
i:\ai programming\egp-410-master\egp-410-master\gameai\pathfinding\pathfinding\game\debug\game.tlog\link-rc.write.1.tlog
i:\ai programming\egp-410-master\egp-410-master\gameai\pathfinding\pathfinding\game\debug\game.tlog\link.command.1.tlog
i:\ai programming\egp-410-master\egp-410-master\gameai\pathfinding\pathfinding\game\debug\game.tlog\link.read.1.tlog
i:\ai programming\egp-410-master\egp-410-master\gameai\pathfinding\pathfinding\game\debug\game.tlog\link.write.1.tlog
